This file contains any messages produced by compilers while
running configure, to aid debugging if configure makes a mistake.

It was created by classComplex configure 0.0.1, which was
generated by GNU Autoconf 2.71.  Invocation command line was

  $ ./configure --no-create --no-recursion

## --------- ##
## Platform. ##
## --------- ##

hostname = oscillan1
uname -m = x86_64
uname -r = 6.5.0-25-generic
uname -s = Linux
uname -v = #25-Ubuntu SMP PREEMPT_DYNAMIC Wed Feb  7 14:58:39 UTC 2024

/usr/bin/uname -p = x86_64
/bin/uname -X     = unknown

/bin/arch              = x86_64
/usr/bin/arch -k       = unknown
/usr/convex/getsysinfo = unknown
/usr/bin/hostinfo      = unknown
/bin/machine           = unknown
/usr/bin/oslevel       = unknown
/bin/universe          = unknown

PATH: /home/peter/mambaforge/bin/
PATH: /home/peter/mambaforge/condabin/
PATH: /home/peter/google-cloud-sdk/bin/
PATH: /home/peter/.nvm/versions/node/v18.14.1/bin/
PATH: /home/peter/bin/
PATH: /home/peter/.local/bin/
PATH: /usr/local/sbin/
PATH: /usr/local/bin/
PATH: /usr/sbin/
PATH: /usr/bin/
PATH: /sbin/
PATH: /bin/
PATH: /usr/games/
PATH: /usr/local/games/
PATH: /snap/bin/
PATH: /home/peter/jdk1.8.0_251/bin/
PATH: /usr/local/go/bin/
PATH: /home/peter/POUB/selenium-webdriver/
PATH: /snap/bin/
PATH: /home/peter/mambaforge/bin/


## ----------- ##
## Core tests. ##
## ----------- ##

configure:2604: looking for aux files: compile missing install-sh
configure:2617:  trying ./
configure:2646:   ./compile found
configure:2646:   ./missing found
configure:2628:   ./install-sh found
configure:2776: checking for a BSD-compatible install
configure:2849: result: /usr/bin/install -c
configure:2860: checking whether build environment is sane
configure:2915: result: yes
configure:3074: checking for a race-free mkdir -p
configure:3118: result: /usr/bin/mkdir -p
configure:3125: checking for gawk
configure:3146: found /usr/bin/gawk
configure:3157: result: gawk
configure:3168: checking whether make sets $(MAKE)
configure:3191: result: yes
configure:3221: checking whether make supports nested variables
configure:3239: result: yes
configure:3450: checking for g++
configure:3471: found /usr/bin/g++
configure:3482: result: g++
configure:3509: checking for C++ compiler version
configure:3518: g++ --version >&5
g++ (Ubuntu 13.2.0-4ubuntu3) 13.2.0
Copyright (C) 2023 Free Software Foundation, Inc.
This is free software; see the source for copying conditions.  There is NO
warranty; not even for MERCHANTABILITY or FITNESS FOR A PARTICULAR PURPOSE.

configure:3529: $? = 0
configure:3518: g++ -v >&5
Using built-in specs.
COLLECT_GCC=g++
COLLECT_LTO_WRAPPER=/usr/libexec/gcc/x86_64-linux-gnu/13/lto-wrapper
OFFLOAD_TARGET_NAMES=nvptx-none:amdgcn-amdhsa
OFFLOAD_TARGET_DEFAULT=1
Target: x86_64-linux-gnu
Configured with: ../src/configure -v --with-pkgversion='Ubuntu 13.2.0-4ubuntu3' --with-bugurl=file:///usr/share/doc/gcc-13/README.Bugs --enable-languages=c,ada,c++,go,d,fortran,objc,obj-c++,m2 --prefix=/usr --with-gcc-major-version-only --program-suffix=-13 --program-prefix=x86_64-linux-gnu- --enable-shared --enable-linker-build-id --libexecdir=/usr/libexec --without-included-gettext --enable-threads=posix --libdir=/usr/lib --enable-nls --enable-bootstrap --enable-clocale=gnu --enable-libstdcxx-debug --enable-libstdcxx-time=yes --with-default-libstdcxx-abi=new --enable-gnu-unique-object --disable-vtable-verify --enable-plugin --enable-default-pie --with-system-zlib --enable-libphobos-checking=release --with-target-system-zlib=auto --enable-objc-gc=auto --enable-multiarch --disable-werror --enable-cet --with-arch-32=i686 --with-abi=m64 --with-multilib-list=m32,m64,mx32 --enable-multilib --with-tune=generic --enable-offload-targets=nvptx-none=/build/gcc-13-XYspKM/gcc-13-13.2.0/debian/tmp-nvptx/usr,amdgcn-amdhsa=/build/gcc-13-XYspKM/gcc-13-13.2.0/debian/tmp-gcn/usr --enable-offload-defaulted --without-cuda-driver --enable-checking=release --build=x86_64-linux-gnu --host=x86_64-linux-gnu --target=x86_64-linux-gnu --with-build-config=bootstrap-lto-lean --enable-link-serialization=2
Thread model: posix
Supported LTO compression algorithms: zlib zstd
gcc version 13.2.0 (Ubuntu 13.2.0-4ubuntu3) 
... rest of stderr output deleted ...
configure:3529: $? = 0
configure:3518: g++ -V >&5
g++: error: unrecognized command-line option '-V'
g++: fatal error: no input files
compilation terminated.
configure:3529: $? = 1
configure:3518: g++ -qversion >&5
g++: error: unrecognized command-line option '-qversion'; did you mean '--version'?
g++: fatal error: no input files
compilation terminated.
configure:3529: $? = 1
configure:3549: checking whether the C++ compiler works
configure:3571: g++    conftest.cpp  >&5
configure:3575: $? = 0
configure:3625: result: yes
configure:3628: checking for C++ compiler default output file name
configure:3630: result: a.out
configure:3636: checking for suffix of executables
configure:3643: g++ -o conftest    conftest.cpp  >&5
configure:3647: $? = 0
configure:3670: result: 
configure:3692: checking whether we are cross compiling
configure:3700: g++ -o conftest    conftest.cpp  >&5
configure:3704: $? = 0
configure:3711: ./conftest
configure:3715: $? = 0
configure:3730: result: no
configure:3735: checking for suffix of object files
configure:3758: g++ -c   conftest.cpp >&5
configure:3762: $? = 0
configure:3784: result: o
configure:3788: checking whether the compiler supports GNU C++
configure:3808: g++ -c   conftest.cpp >&5
configure:3808: $? = 0
configure:3818: result: yes
configure:3829: checking whether g++ accepts -g
configure:3850: g++ -c -g  conftest.cpp >&5
configure:3850: $? = 0
configure:3894: result: yes
configure:3914: checking for g++ option to enable C++11 features
configure:3929: g++  -c -g -O2  conftest.cpp >&5
conftest.cpp: In function 'int main(int, char**)':
conftest.cpp:177:25: warning: empty parentheses were disambiguated as a function declaration [-Wvexing-parse]
  177 |   cxx11test::delegate d2();
      |                         ^~
conftest.cpp:177:25: note: remove parentheses to default-initialize a variable
  177 |   cxx11test::delegate d2();
      |                         ^~
      |                         --
conftest.cpp:177:25: note: or replace parentheses with braces to value-initialize a variable
configure:3929: $? = 0
configure:3947: result: none needed
configure:4014: checking whether make supports the include directive
configure:4029: make -f confmf.GNU && cat confinc.out
make[1]: Entering directory '/home/peter/POUB/isbn-9-782100-069750-simulation-numerique-en-cpp/Listing02.5p70HetitPolymorphWIP'
make[1]: Leaving directory '/home/peter/POUB/isbn-9-782100-069750-simulation-numerique-en-cpp/Listing02.5p70HetitPolymorphWIP'
this is the am__doit target
configure:4032: $? = 0
configure:4051: result: yes (GNU style)
configure:4077: checking dependency style of g++
configure:4189: result: gcc3
configure:4272: checking for gcc
configure:4293: found /usr/bin/gcc
configure:4304: result: gcc
configure:4657: checking for C compiler version
configure:4666: gcc --version >&5
gcc (Ubuntu 13.2.0-4ubuntu3) 13.2.0
Copyright (C) 2023 Free Software Foundation, Inc.
This is free software; see the source for copying conditions.  There is NO
warranty; not even for MERCHANTABILITY or FITNESS FOR A PARTICULAR PURPOSE.

configure:4677: $? = 0
configure:4666: gcc -v >&5
Using built-in specs.
COLLECT_GCC=gcc
COLLECT_LTO_WRAPPER=/usr/libexec/gcc/x86_64-linux-gnu/13/lto-wrapper
OFFLOAD_TARGET_NAMES=nvptx-none:amdgcn-amdhsa
OFFLOAD_TARGET_DEFAULT=1
Target: x86_64-linux-gnu
Configured with: ../src/configure -v --with-pkgversion='Ubuntu 13.2.0-4ubuntu3' --with-bugurl=file:///usr/share/doc/gcc-13/README.Bugs --enable-languages=c,ada,c++,go,d,fortran,objc,obj-c++,m2 --prefix=/usr --with-gcc-major-version-only --program-suffix=-13 --program-prefix=x86_64-linux-gnu- --enable-shared --enable-linker-build-id --libexecdir=/usr/libexec --without-included-gettext --enable-threads=posix --libdir=/usr/lib --enable-nls --enable-bootstrap --enable-clocale=gnu --enable-libstdcxx-debug --enable-libstdcxx-time=yes --with-default-libstdcxx-abi=new --enable-gnu-unique-object --disable-vtable-verify --enable-plugin --enable-default-pie --with-system-zlib --enable-libphobos-checking=release --with-target-system-zlib=auto --enable-objc-gc=auto --enable-multiarch --disable-werror --enable-cet --with-arch-32=i686 --with-abi=m64 --with-multilib-list=m32,m64,mx32 --enable-multilib --with-tune=generic --enable-offload-targets=nvptx-none=/build/gcc-13-XYspKM/gcc-13-13.2.0/debian/tmp-nvptx/usr,amdgcn-amdhsa=/build/gcc-13-XYspKM/gcc-13-13.2.0/debian/tmp-gcn/usr --enable-offload-defaulted --without-cuda-driver --enable-checking=release --build=x86_64-linux-gnu --host=x86_64-linux-gnu --target=x86_64-linux-gnu --with-build-config=bootstrap-lto-lean --enable-link-serialization=2
Thread model: posix
Supported LTO compression algorithms: zlib zstd
gcc version 13.2.0 (Ubuntu 13.2.0-4ubuntu3) 
... rest of stderr output deleted ...
configure:4677: $? = 0
configure:4666: gcc -V >&5
gcc: error: unrecognized command-line option '-V'
gcc: fatal error: no input files
compilation terminated.
configure:4677: $? = 1
configure:4666: gcc -qversion >&5
gcc: error: unrecognized command-line option '-qversion'; did you mean '--version'?
gcc: fatal error: no input files
compilation terminated.
configure:4677: $? = 1
configure:4666: gcc -version >&5
gcc: error: unrecognized command-line option '-version'
gcc: fatal error: no input files
compilation terminated.
configure:4677: $? = 1
configure:4681: checking whether the compiler supports GNU C
configure:4701: gcc -c   conftest.c >&5
configure:4701: $? = 0
configure:4711: result: yes
configure:4722: checking whether gcc accepts -g
configure:4743: gcc -c -g  conftest.c >&5
configure:4743: $? = 0
configure:4787: result: yes
configure:4807: checking for gcc option to enable C11 features
configure:4822: gcc  -c -g -O2  conftest.c >&5
configure:4822: $? = 0
configure:4840: result: none needed
configure:4956: checking whether gcc understands -c and -o together
configure:4979: gcc -c conftest.c -o conftest2.o
configure:4982: $? = 0
configure:4979: gcc -c conftest.c -o conftest2.o
configure:4982: $? = 0
configure:4994: result: yes
configure:5013: checking dependency style of gcc
configure:5125: result: gcc3
configure:5145: checking for stdio.h
configure:5145: gcc -c -g -O2  conftest.c >&5
configure:5145: $? = 0
configure:5145: result: yes
configure:5145: checking for stdlib.h
configure:5145: gcc -c -g -O2  conftest.c >&5
configure:5145: $? = 0
configure:5145: result: yes
configure:5145: checking for string.h
configure:5145: gcc -c -g -O2  conftest.c >&5
configure:5145: $? = 0
configure:5145: result: yes
configure:5145: checking for inttypes.h
configure:5145: gcc -c -g -O2  conftest.c >&5
configure:5145: $? = 0
configure:5145: result: yes
configure:5145: checking for stdint.h
configure:5145: gcc -c -g -O2  conftest.c >&5
configure:5145: $? = 0
configure:5145: result: yes
configure:5145: checking for strings.h
configure:5145: gcc -c -g -O2  conftest.c >&5
configure:5145: $? = 0
configure:5145: result: yes
configure:5145: checking for sys/stat.h
configure:5145: gcc -c -g -O2  conftest.c >&5
configure:5145: $? = 0
configure:5145: result: yes
configure:5145: checking for sys/types.h
configure:5145: gcc -c -g -O2  conftest.c >&5
configure:5145: $? = 0
configure:5145: result: yes
configure:5145: checking for unistd.h
configure:5145: gcc -c -g -O2  conftest.c >&5
configure:5145: $? = 0
configure:5145: result: yes
configure:5170: checking for _Bool
configure:5170: gcc -c -g -O2  conftest.c >&5
configure:5170: $? = 0
configure:5170: gcc -c -g -O2  conftest.c >&5
conftest.c: In function 'main':
conftest.c:52:20: error: expected expression before ')' token
   52 | if (sizeof ((_Bool)))
      |                    ^
configure:5170: $? = 1
configure: failed program was:
| /* confdefs.h */
| #define PACKAGE_NAME "classComplex"
| #define PACKAGE_TARNAME "classcomplex"
| #define PACKAGE_VERSION "0.0.1"
| #define PACKAGE_STRING "classComplex 0.0.1"
| #define PACKAGE_BUGREPORT "moueza.pb@gmail.com"
| #define PACKAGE_URL ""
| #define PACKAGE "main"
| #define VERSION "0.0.1"
| #define HAVE_STDIO_H 1
| #define HAVE_STDLIB_H 1
| #define HAVE_STRING_H 1
| #define HAVE_INTTYPES_H 1
| #define HAVE_STDINT_H 1
| #define HAVE_STRINGS_H 1
| #define HAVE_SYS_STAT_H 1
| #define HAVE_SYS_TYPES_H 1
| #define HAVE_UNISTD_H 1
| #define STDC_HEADERS 1
| /* end confdefs.h.  */
| #include <stddef.h>
| #ifdef HAVE_STDIO_H
| # include <stdio.h>
| #endif
| #ifdef HAVE_STDLIB_H
| # include <stdlib.h>
| #endif
| #ifdef HAVE_STRING_H
| # include <string.h>
| #endif
| #ifdef HAVE_INTTYPES_H
| # include <inttypes.h>
| #endif
| #ifdef HAVE_STDINT_H
| # include <stdint.h>
| #endif
| #ifdef HAVE_STRINGS_H
| # include <strings.h>
| #endif
| #ifdef HAVE_SYS_TYPES_H
| # include <sys/types.h>
| #endif
| #ifdef HAVE_SYS_STAT_H
| # include <sys/stat.h>
| #endif
| #ifdef HAVE_UNISTD_H
| # include <unistd.h>
| #endif
| int
| main (void)
| {
| if (sizeof ((_Bool)))
| 	    return 0;
|   ;
|   return 0;
| }
configure:5170: result: yes
configure:5179: checking for stdbool.h that conforms to C99
configure:5295: gcc -c -g -O2  conftest.c >&5
configure:5295: $? = 0
configure:5303: result: yes
configure:5308: checking for sqrt
configure:5308: gcc -o conftest -g -O2   conftest.c  >&5
conftest.c:38:6: warning: conflicting types for built-in function 'sqrt'; expected 'double(double)' [-Wbuiltin-declaration-mismatch]
   38 | char sqrt ();
      |      ^~~~
conftest.c:30:1: note: 'sqrt' is declared in header '<math.h>'
   29 | #include <limits.h>
   30 | #undef sqrt
/usr/bin/ld: /tmp/ccqg7EsT.o: in function `main':
/home/peter/POUB/isbn-9-782100-069750-simulation-numerique-en-cpp/Listing02.5p70HetitPolymorphWIP/conftest.c:49:(.text.startup+0xb): undefined reference to `sqrt'
collect2: error: ld returned 1 exit status
configure:5308: $? = 1
configure: failed program was:
| /* confdefs.h */
| #define PACKAGE_NAME "classComplex"
| #define PACKAGE_TARNAME "classcomplex"
| #define PACKAGE_VERSION "0.0.1"
| #define PACKAGE_STRING "classComplex 0.0.1"
| #define PACKAGE_BUGREPORT "moueza.pb@gmail.com"
| #define PACKAGE_URL ""
| #define PACKAGE "main"
| #define VERSION "0.0.1"
| #define HAVE_STDIO_H 1
| #define HAVE_STDLIB_H 1
| #define HAVE_STRING_H 1
| #define HAVE_INTTYPES_H 1
| #define HAVE_STDINT_H 1
| #define HAVE_STRINGS_H 1
| #define HAVE_SYS_STAT_H 1
| #define HAVE_SYS_TYPES_H 1
| #define HAVE_UNISTD_H 1
| #define STDC_HEADERS 1
| #define HAVE__BOOL 1
| /* end confdefs.h.  */
| /* Define sqrt to an innocuous variant, in case <limits.h> declares sqrt.
|    For example, HP-UX 11i <limits.h> declares gettimeofday.  */
| #define sqrt innocuous_sqrt
| 
| /* System header to define __stub macros and hopefully few prototypes,
|    which can conflict with char sqrt (); below.  */
| 
| #include <limits.h>
| #undef sqrt
| 
| /* Override any GCC internal prototype to avoid an error.
|    Use char because int might match the return type of a GCC
|    builtin and then its argument prototype would still apply.  */
| #ifdef __cplusplus
| extern "C"
| #endif
| char sqrt ();
| /* The GNU C library defines this for functions which it implements
|     to always fail with ENOSYS.  Some functions are actually named
|     something starting with __ and the normal name is an alias.  */
| #if defined __stub_sqrt || defined __stub___sqrt
| choke me
| #endif
| 
| int
| main (void)
| {
| return sqrt ();
|   ;
|   return 0;
| }
configure:5308: result: no
configure:5455: checking that generated files are newer than configure
configure:5461: result: done
configure:5488: creating ./config.status

## ---------------- ##
## Cache variables. ##
## ---------------- ##

ac_cv_c_compiler_gnu=yes
ac_cv_cxx_compiler_gnu=yes
ac_cv_env_CCC_set=
ac_cv_env_CCC_value=
ac_cv_env_CC_set=
ac_cv_env_CC_value=
ac_cv_env_CFLAGS_set=
ac_cv_env_CFLAGS_value=
ac_cv_env_CPPFLAGS_set=
ac_cv_env_CPPFLAGS_value=
ac_cv_env_CXXFLAGS_set=
ac_cv_env_CXXFLAGS_value=
ac_cv_env_CXX_set=
ac_cv_env_CXX_value=
ac_cv_env_LDFLAGS_set=
ac_cv_env_LDFLAGS_value=
ac_cv_env_LIBS_set=
ac_cv_env_LIBS_value=
ac_cv_env_build_alias_set=
ac_cv_env_build_alias_value=
ac_cv_env_host_alias_set=
ac_cv_env_host_alias_value=
ac_cv_env_target_alias_set=
ac_cv_env_target_alias_value=
ac_cv_func_sqrt=no
ac_cv_header_inttypes_h=yes
ac_cv_header_stdbool_h=yes
ac_cv_header_stdint_h=yes
ac_cv_header_stdio_h=yes
ac_cv_header_stdlib_h=yes
ac_cv_header_string_h=yes
ac_cv_header_strings_h=yes
ac_cv_header_sys_stat_h=yes
ac_cv_header_sys_types_h=yes
ac_cv_header_unistd_h=yes
ac_cv_objext=o
ac_cv_path_install='/usr/bin/install -c'
ac_cv_path_mkdir=/usr/bin/mkdir
ac_cv_prog_AWK=gawk
ac_cv_prog_ac_ct_CC=gcc
ac_cv_prog_ac_ct_CXX=g++
ac_cv_prog_cc_c11=
ac_cv_prog_cc_g=yes
ac_cv_prog_cc_stdc=
ac_cv_prog_cxx_cxx11=
ac_cv_prog_cxx_g=yes
ac_cv_prog_cxx_stdcxx=
ac_cv_prog_make_make_set=yes
ac_cv_type__Bool=yes
am_cv_CC_dependencies_compiler_type=gcc3
am_cv_CXX_dependencies_compiler_type=gcc3
am_cv_make_support_nested_variables=yes
am_cv_prog_cc_c_o=yes

## ----------------- ##
## Output variables. ##
## ----------------- ##

ACLOCAL='${SHELL} '\''/home/peter/POUB/isbn-9-782100-069750-simulation-numerique-en-cpp/Listing02.5p70HetitPolymorphWIP/missing'\'' aclocal-1.16'
AMDEPBACKSLASH='\'
AMDEP_FALSE='#'
AMDEP_TRUE=''
AMTAR='$${TAR-tar}'
AM_BACKSLASH='\'
AM_DEFAULT_V='$(AM_DEFAULT_VERBOSITY)'
AM_DEFAULT_VERBOSITY='1'
AM_V='$(V)'
AUTOCONF='${SHELL} '\''/home/peter/POUB/isbn-9-782100-069750-simulation-numerique-en-cpp/Listing02.5p70HetitPolymorphWIP/missing'\'' autoconf'
AUTOHEADER='${SHELL} '\''/home/peter/POUB/isbn-9-782100-069750-simulation-numerique-en-cpp/Listing02.5p70HetitPolymorphWIP/missing'\'' autoheader'
AUTOMAKE='${SHELL} '\''/home/peter/POUB/isbn-9-782100-069750-simulation-numerique-en-cpp/Listing02.5p70HetitPolymorphWIP/missing'\'' automake-1.16'
AWK='gawk'
CC='gcc'
CCDEPMODE='depmode=gcc3'
CFLAGS='-g -O2'
CPPFLAGS=''
CSCOPE='cscope'
CTAGS='ctags'
CXX='g++'
CXXDEPMODE='depmode=gcc3'
CXXFLAGS='-g -O2'
CYGPATH_W='echo'
DEFS='-DPACKAGE_NAME=\"classComplex\" -DPACKAGE_TARNAME=\"classcomplex\" -DPACKAGE_VERSION=\"0.0.1\" -DPACKAGE_STRING=\"classComplex\ 0.0.1\" -DPACKAGE_BUGREPORT=\"moueza.pb@gmail.com\" -DPACKAGE_URL=\"\" -DPACKAGE=\"main\" -DVERSION=\"0.0.1\" -DHAVE_STDIO_H=1 -DHAVE_STDLIB_H=1 -DHAVE_STRING_H=1 -DHAVE_INTTYPES_H=1 -DHAVE_STDINT_H=1 -DHAVE_STRINGS_H=1 -DHAVE_SYS_STAT_H=1 -DHAVE_SYS_TYPES_H=1 -DHAVE_UNISTD_H=1 -DSTDC_HEADERS=1 -DHAVE__BOOL=1'
DEPDIR='.deps'
ECHO_C=''
ECHO_N='-n'
ECHO_T=''
ETAGS='etags'
EXEEXT=''
INSTALL_DATA='${INSTALL} -m 644'
INSTALL_PROGRAM='${INSTALL}'
INSTALL_SCRIPT='${INSTALL}'
INSTALL_STRIP_PROGRAM='$(install_sh) -c -s'
LDFLAGS=''
LIBOBJS=''
LIBS=''
LTLIBOBJS=''
MAKEINFO='${SHELL} '\''/home/peter/POUB/isbn-9-782100-069750-simulation-numerique-en-cpp/Listing02.5p70HetitPolymorphWIP/missing'\'' makeinfo'
MKDIR_P='/usr/bin/mkdir -p'
OBJEXT='o'
PACKAGE='main'
PACKAGE_BUGREPORT='moueza.pb@gmail.com'
PACKAGE_NAME='classComplex'
PACKAGE_STRING='classComplex 0.0.1'
PACKAGE_TARNAME='classcomplex'
PACKAGE_URL=''
PACKAGE_VERSION='0.0.1'
PATH_SEPARATOR=':'
SET_MAKE=''
SHELL='/bin/bash'
STRIP=''
VERSION='0.0.1'
ac_ct_CC='gcc'
ac_ct_CXX='g++'
am__EXEEXT_FALSE=''
am__EXEEXT_TRUE='#'
am__fastdepCC_FALSE='#'
am__fastdepCC_TRUE=''
am__fastdepCXX_FALSE='#'
am__fastdepCXX_TRUE=''
am__include='include'
am__isrc=''
am__leading_dot='.'
am__nodep='_no'
am__quote=''
am__tar='$${TAR-tar} chof - "$$tardir"'
am__untar='$${TAR-tar} xf -'
bindir='${exec_prefix}/bin'
build_alias=''
datadir='${datarootdir}'
datarootdir='${prefix}/share'
docdir='${datarootdir}/doc/${PACKAGE_TARNAME}'
dvidir='${docdir}'
exec_prefix='${prefix}'
host_alias=''
htmldir='${docdir}'
includedir='${prefix}/include'
infodir='${datarootdir}/info'
install_sh='${SHELL} /home/peter/POUB/isbn-9-782100-069750-simulation-numerique-en-cpp/Listing02.5p70HetitPolymorphWIP/install-sh'
libdir='${exec_prefix}/lib'
libexecdir='${exec_prefix}/libexec'
localedir='${datarootdir}/locale'
localstatedir='${prefix}/var'
mandir='${datarootdir}/man'
mkdir_p='$(MKDIR_P)'
oldincludedir='/usr/include'
pdfdir='${docdir}'
prefix='/usr/local'
program_transform_name='s,x,x,'
psdir='${docdir}'
runstatedir='${localstatedir}/run'
sbindir='${exec_prefix}/sbin'
sharedstatedir='${prefix}/com'
sysconfdir='${prefix}/etc'
target_alias=''

## ----------- ##
## confdefs.h. ##
## ----------- ##

/* confdefs.h */
#define PACKAGE_NAME "classComplex"
#define PACKAGE_TARNAME "classcomplex"
#define PACKAGE_VERSION "0.0.1"
#define PACKAGE_STRING "classComplex 0.0.1"
#define PACKAGE_BUGREPORT "moueza.pb@gmail.com"
#define PACKAGE_URL ""
#define PACKAGE "main"
#define VERSION "0.0.1"
#define HAVE_STDIO_H 1
#define HAVE_STDLIB_H 1
#define HAVE_STRING_H 1
#define HAVE_INTTYPES_H 1
#define HAVE_STDINT_H 1
#define HAVE_STRINGS_H 1
#define HAVE_SYS_STAT_H 1
#define HAVE_SYS_TYPES_H 1
#define HAVE_UNISTD_H 1
#define STDC_HEADERS 1
#define HAVE__BOOL 1

configure: exit 0

## ---------------------- ##
## Running config.status. ##
## ---------------------- ##

This file was extended by classComplex config.status 0.0.1, which was
generated by GNU Autoconf 2.71.  Invocation command line was

  CONFIG_FILES    = 
  CONFIG_HEADERS  = 
  CONFIG_LINKS    = 
  CONFIG_COMMANDS = 
  $ ./config.status 

on oscillan1

config.status:776: creating Makefile
config.status:948: executing depfiles commands
config.status:1025: cd .       && sed -e '/# am--include-marker/d' Makefile         | make -f - am--depfiles
make[1]: Entering directory '/home/peter/POUB/isbn-9-782100-069750-simulation-numerique-en-cpp/Listing02.5p70HetitPolymorphWIP'
make[1]: Nothing to be done for 'am--depfiles'.
make[1]: Leaving directory '/home/peter/POUB/isbn-9-782100-069750-simulation-numerique-en-cpp/Listing02.5p70HetitPolymorphWIP'
config.status:1030: $? = 0
